2026-02-07 13:26:38,558 [functions.py:log_start()] - --------------------KlipperScreen Log Start--------------------
2026-02-07 13:26:38,558 [functions.py:log_start()] - KlipperScreen Version: v0.4.6-32-gd038ca6
2026-02-07 13:26:38,558 [functions.py:log_start()] - Python version: 3.13
2026-02-07 13:26:38,630 [config.py:get_config_file_location()] - Passed config (-c): .
2026-02-07 13:26:38,631 [config.py:__init__()] - Config path location: /home/andre/printer_data/config/KlipperScreen.conf
2026-02-07 13:26:38,632 [config.py:_include_config()] - Parsing files: ['/home/andre/KlipperScreen/config/main_menu.conf']
2026-02-07 13:26:38,636 [config.py:_include_config()] - Parsing files: ['/home/andre/KlipperScreen/config/splash_menu.conf']
2026-02-07 13:26:38,637 [config.py:_include_config()] - Parsing files: ['/home/andre/KlipperScreen/config/print_menu.conf']
2026-02-07 13:26:38,640 [config.py:_include_config()] - Parsing files: ['/home/andre/KlipperScreen/config/move_menu.conf']
2026-02-07 13:26:38,642 [config.py:log_config()] - ===== Config File =====
[screen]
driver = drm
drm_device = /dev/dri/card1
=======================
2026-02-07 13:26:38,643 [config.py:__init__()] - ====== Saved Def ======

[main]
use_dpms = False

=======================
2026-02-07 13:26:38,643 [config.py:__init__()] - Configured printers: [
  {
    "Printer": {
      "moonraker_host": "127.0.0.1",
      "moonraker_port": "7125",
      "moonraker_path": "",
      "moonraker_ssl": null,
      "moonraker_api_key": ""
    }
  }
]
2026-02-07 13:26:38,687 [config.py:create_translations()] - Selected lang: system_lang OS lang: en_GB
2026-02-07 13:26:38,687 [config.py:install_language()] - Using lang en
2026-02-07 13:26:38,692 [screen.py:__init__()] - Display for xset: :0
2026-02-07 13:26:38,692 [screen.py:__init__()] - Screen 0: 800x480
2026-02-07 13:26:38,693 [screen.py:__init__()] - Monitors: 1 using number: 0
2026-02-07 13:26:38,693 [screen.py:__init__()] - Wayland: False Display name: :0
2026-02-07 13:26:38,693 [screen.py:__init__()] - Screen resolution: 800x480
2026-02-07 13:26:38,773 [KlippyGtk.py:__init__()] - Font size: 17.8 (medium)
2026-02-07 13:26:38,900 [base_panel.py:battery_percentage()] - Battery information not available.
2026-02-07 13:26:39,003 [screen.py:show_error_modal()] - Showing error modal: Invalid config file Section [screen] not recognized

Option "driver" not recognized for section "[screen]"

Option "drm_device" not recognized for section "[screen]"


2026-02-07 13:26:39,069 [KlippyGtk.py:Dialog()] - Showing dialog Error (width=800, height=480)
2026-02-07 13:28:46,925 [functions.py:log_start()] - --------------------KlipperScreen Log Start--------------------
2026-02-07 13:28:46,925 [functions.py:log_start()] - KlipperScreen Version: v0.4.6-32-gd038ca6
2026-02-07 13:28:46,925 [functions.py:log_start()] - Python version: 3.13
2026-02-07 13:28:46,971 [config.py:get_config_file_location()] - Passed config (-c): .
2026-02-07 13:28:46,971 [config.py:__init__()] - Config path location: /home/andre/printer_data/config/KlipperScreen.conf
2026-02-07 13:28:46,972 [config.py:_include_config()] - Parsing files: ['/home/andre/KlipperScreen/config/main_menu.conf']
2026-02-07 13:28:46,975 [config.py:_include_config()] - Parsing files: ['/home/andre/KlipperScreen/config/splash_menu.conf']
2026-02-07 13:28:46,976 [config.py:_include_config()] - Parsing files: ['/home/andre/KlipperScreen/config/print_menu.conf']
2026-02-07 13:28:46,979 [config.py:_include_config()] - Parsing files: ['/home/andre/KlipperScreen/config/move_menu.conf']
2026-02-07 13:28:46,981 [config.py:log_config()] - ===== Config File =====
[main]
use_dpms = False

[printer Printer]
moonraker_host = 127.0.0.1
moonraker_port = 7125
=======================
2026-02-07 13:28:46,981 [config.py:__init__()] - ====== Saved Def ======

[main]
use_dpms = False

=======================
2026-02-07 13:28:46,982 [config.py:__init__()] - Configured printers: [
  {
    "Printer": {
      "moonraker_host": "127.0.0.1",
      "moonraker_port": "7125",
      "moonraker_path": "",
      "moonraker_ssl": null,
      "moonraker_api_key": ""
    }
  }
]
2026-02-07 13:28:47,008 [config.py:create_translations()] - Selected lang: system_lang OS lang: en_GB
2026-02-07 13:28:47,008 [config.py:install_language()] - Using lang en
2026-02-07 13:28:47,012 [screen.py:__init__()] - Display for xset: :0
2026-02-07 13:28:47,012 [screen.py:__init__()] - Screen 0: 800x480
2026-02-07 13:28:47,012 [screen.py:__init__()] - Monitors: 1 using number: 0
2026-02-07 13:28:47,013 [screen.py:__init__()] - Wayland: False Display name: :0
2026-02-07 13:28:47,013 [screen.py:__init__()] - Screen resolution: 800x480
2026-02-07 13:28:47,093 [KlippyGtk.py:__init__()] - Font size: 17.8 (medium)
2026-02-07 13:28:47,127 [base_panel.py:battery_percentage()] - Battery information not available.
2026-02-07 13:28:47,170 [screen.py:set_screenblanking_timeout()] - Blanking timeout: 3600
2026-02-07 13:28:47,170 [screen.py:initial_connection()] - Default printer: None
2026-02-07 13:28:47,188 [screen.py:connect_printer()] - Connecting to printer: Printer
2026-02-07 13:28:47,188 [screen.py:_remove_all_panels()] - Removing all panels
2026-02-07 13:28:47,204 [screen.py:_load_panel()] - Loading panel: splash_screen
2026-02-07 13:28:47,220 [screen.py:attach_panel()] - Current panel hierarchy: splash_screen
2026-02-07 13:28:47,227 [KlippyWebsocket.py:connect()] - Attempting to connect
2026-02-07 13:28:47,228 [KlippyWebsocket.py:connect()] - Starting websocket thread
2026-02-07 13:28:47,230 [_logging.py:info()] - Websocket connected
2026-02-07 13:28:47,230 [KlippyWebsocket.py:on_open()] - Moonraker Websocket Open
2026-02-07 13:28:47,264 [screen.py:websocket_connected()] - ### websocket_connected
2026-02-07 13:28:47,276 [KlippyWebsocket.py:identify_client()] - Sending server.connection.identify
2026-02-07 13:28:47,279 [printer.py:configure_cameras()] - Cameras: [{'name': 'usb', 'enabled': True, 'icon': 'mdiWebcam', 'aspect_ratio': '4:3', 'target_fps': 20, 'target_fps_idle': 15, 'location': 'printer', 'service': 'mjpegstreamer-adaptive', 'stream_url': '/webcam/?action=stream', 'snapshot_url': '/webcam/?action=snapshot', 'flip_horizontal': False, 'flip_vertical': False, 'rotation': 0, 'source': 'database', 'extra_data': {}, 'uid': '0e7eb866-bb7c-4230-a1dc-1efe5ea3ddf2'}]
2026-02-07 13:28:47,282 [screen.py:init_klipper()] - Moonraker info {'klippy_connected': True, 'klippy_state': 'error', 'components': ['secrets', 'template', 'klippy_connection', 'jsonrpc', 'internal_transport', 'application', 'websockets', 'database', 'dbus_manager', 'file_manager', 'authorization', 'klippy_apis', 'shell_command', 'machine', 'data_store', 'proc_stats', 'job_state', 'job_queue', 'history', 'http_client', 'announcements', 'webcam', 'extensions', 'timelapse', 'octoprint_compat', 'update_manager'], 'failed_components': [], 'registered_directories': ['config', 'logs', 'gcodes', 'timelapse', 'timelapse_frames', 'config_examples', 'docs'], 'warnings': [], 'websocket_count': 5, 'moonraker_version': 'v0.9.3-130-g5b92e52', 'missing_klippy_requirements': [], 'api_version': [1, 5, 0], 'api_version_string': '1.5.0'}
2026-02-07 13:28:47,403 [printer.py:log_counts()] - Klipper version: v0.13.0-515-g85ccd1d9-dirty
2026-02-07 13:28:47,403 [printer.py:log_counts()] - # Extruders: 1
2026-02-07 13:28:47,403 [printer.py:log_counts()] - # Temperature devices: 5
2026-02-07 13:28:47,403 [printer.py:log_counts()] - # Fans: 5
2026-02-07 13:28:47,403 [printer.py:log_counts()] - # Output pins: 2
2026-02-07 13:28:47,403 [printer.py:log_counts()] - # PWM tools: 0
2026-02-07 13:28:47,403 [printer.py:log_counts()] - # Leds: 1
2026-02-07 13:28:47,653 [KlippyWebsocket.py:object_subscription()] - Sending printer.objects.subscribe
2026-02-07 13:28:47,654 [files.py:set_gcodes_path()] - Gcodes path: /home/andre/printer_data/gcodes
2026-02-07 13:28:47,654 [screen.py:init_klipper()] - Printer initialized
2026-02-07 13:28:47,654 [printer.py:change_state()] - Changing state from 'disconnected' to 'error'
2026-02-07 13:28:47,654 [printer.py:change_state()] - Adding callback for state: error
2026-02-07 13:28:47,658 [screen.py:set_screenblanking_timeout()] - Blanking timeout: 3600
2026-02-07 13:28:47,658 [screen.py:show_panel()] - Panel is already is in view
2026-02-07 13:28:59,871 [screen.py:_go_to_submenu()] - #### Go to submenu 
2026-02-07 13:28:59,871 [screen.py:_go_to_submenu()] - #### Menu __splashscreen
2026-02-07 13:28:59,871 [screen.py:_load_panel()] - Loading panel: menu
2026-02-07 13:28:59,877 [menu.py:evaluate_enable()] - moonraker connected True
2026-02-07 13:28:59,877 [menu.py:evaluate_enable()] - moonraker connected True
2026-02-07 13:28:59,890 [screen.py:attach_panel()] - Current panel hierarchy: splash_screen > 
2026-02-07 13:28:59,891 [menu.py:arrangeMenuItems()] - X > power
2026-02-07 13:28:59,892 [menu.py:evaluate_enable()] - moonraker connected True
2026-02-07 13:28:59,892 [menu.py:evaluate_enable()] - moonraker connected True
2026-02-07 13:28:59,896 [screen.py:_go_to_submenu()] - menu, {{ gettext('Menu') }}, panel_name=, items=[{'power': {'name': "{{ gettext('Power') }}", 'icon': 'shutdown', 'panel': 'power', 'method': None, 'confirm': None, 'enable': '{{ moonraker.power_devices.count > 0 }}', 'params': '{}', 'style': None}}, {'network': {'name': "{{ gettext('Network') }}", 'icon': 'network', 'panel': 'network', 'method': None, 'confirm': None, 'enable': 'True', 'params': '{}', 'style': None}}, {'updater': {'name': "{{ gettext('Update') }}", 'icon': 'refresh', 'panel': 'updater', 'method': None, 'confirm': None, 'enable': '{{ moonraker_connected }}', 'params': '{}', 'style': None}}, {'settings': {'name': 'KlipperScreen', 'icon': 'settings', 'panel': 'settings', 'method': None, 'confirm': None, 'enable': 'True', 'params': '{}', 'style': None}}, {'system': {'name': "{{ gettext('System') }}", 'icon': 'info', 'panel': 'system', 'method': None, 'confirm': None, 'enable': '{{ moonraker_connected }}', 'params': '{}', 'style': None}}]
2026-02-07 13:29:01,487 [screen.py:_menu_go_back()] - #### Menu go home
2026-02-07 13:29:01,490 [screen.py:attach_panel()] - Current panel hierarchy: splash_screen
2026-02-07 13:29:02,607 [KlippyWebsocket.py:restart()] - Sending printer.restart
2026-02-07 13:29:02,610 [printer.py:change_state()] - Changing state from 'error' to 'disconnected'
2026-02-07 13:29:02,610 [printer.py:change_state()] - Adding callback for state: disconnected
2026-02-07 13:29:02,615 [screen.py:set_screenblanking_timeout()] - Blanking timeout: 3600
2026-02-07 13:29:02,615 [screen.py:state_disconnected()] - ### Going to disconnected
2026-02-07 13:29:02,615 [screen.py:show_panel()] - Panel is already is in view
2026-02-07 13:29:03,672 [KlippyGtk.py:Dialog()] - Showing dialog Shutdown (width=800, height=480)
2026-02-07 13:29:03,880 [KlippyGtk.py:remove_dialog()] - Removing Dialog
2026-02-07 13:31:13,767 [functions.py:log_start()] - --------------------KlipperScreen Log Start--------------------
2026-02-07 13:31:13,768 [functions.py:log_start()] - KlipperScreen Version: v0.4.6-32-gd038ca6
2026-02-07 13:31:13,768 [functions.py:log_start()] - Python version: 3.13
2026-02-07 13:31:13,840 [config.py:get_config_file_location()] - Passed config (-c): .
2026-02-07 13:31:13,840 [config.py:__init__()] - Config path location: /home/andre/printer_data/config/KlipperScreen.conf
2026-02-07 13:31:13,841 [config.py:_include_config()] - Parsing files: ['/home/andre/KlipperScreen/config/main_menu.conf']
2026-02-07 13:31:13,845 [config.py:_include_config()] - Parsing files: ['/home/andre/KlipperScreen/config/splash_menu.conf']
2026-02-07 13:31:13,847 [config.py:_include_config()] - Parsing files: ['/home/andre/KlipperScreen/config/print_menu.conf']
2026-02-07 13:31:13,849 [config.py:_include_config()] - Parsing files: ['/home/andre/KlipperScreen/config/move_menu.conf']
2026-02-07 13:31:13,852 [config.py:log_config()] - ===== Config File =====
[main]
use_dpms = False

[printer Printer]
moonraker_host = 127.0.0.1
moonraker_port = 7125
=======================
2026-02-07 13:31:13,852 [config.py:__init__()] - ====== Saved Def ======

[main]
use_dpms = False

=======================
2026-02-07 13:31:13,852 [config.py:__init__()] - Configured printers: [
  {
    "Printer": {
      "moonraker_host": "127.0.0.1",
      "moonraker_port": "7125",
      "moonraker_path": "",
      "moonraker_ssl": null,
      "moonraker_api_key": ""
    }
  }
]
2026-02-07 13:31:13,897 [config.py:create_translations()] - Selected lang: system_lang OS lang: en_GB
2026-02-07 13:31:13,897 [config.py:install_language()] - Using lang en
2026-02-07 13:31:13,902 [screen.py:__init__()] - Display for xset: localhost:10.0
2026-02-07 13:31:13,902 [screen.py:__init__()] - Screen 0: 8560x1440
2026-02-07 13:31:13,903 [screen.py:__init__()] - Monitors: 1 using number: 0
2026-02-07 13:31:13,903 [screen.py:__init__()] - Wayland: False Display name: localhost:10.0
2026-02-07 13:31:13,903 [screen.py:__init__()] - Screen resolution: 8560x1440
2026-02-07 13:31:13,984 [KlippyGtk.py:__init__()] - Font size: 53.3 (medium)
2026-02-07 13:31:14,114 [base_panel.py:battery_percentage()] - Battery information not available.
2026-02-07 13:31:14,275 [screen.py:set_screenblanking_timeout()] - Blanking timeout: 3600
2026-02-07 13:31:14,275 [screen.py:initial_connection()] - Default printer: None
2026-02-07 13:31:14,296 [screen.py:connect_printer()] - Connecting to printer: Printer
2026-02-07 13:31:14,296 [screen.py:_remove_all_panels()] - Removing all panels
2026-02-07 13:31:14,313 [screen.py:_load_panel()] - Loading panel: splash_screen
2026-02-07 13:31:14,340 [screen.py:attach_panel()] - Current panel hierarchy: splash_screen
2026-02-07 13:31:14,347 [KlippyWebsocket.py:connect()] - Attempting to connect
2026-02-07 13:31:14,347 [KlippyWebsocket.py:connect()] - Starting websocket thread
2026-02-07 13:31:14,350 [_logging.py:info()] - Websocket connected
2026-02-07 13:31:14,350 [KlippyWebsocket.py:on_open()] - Moonraker Websocket Open
2026-02-07 13:31:14,408 [screen.py:update_size()] - Size changed: 8560x1421
2026-02-07 13:31:14,409 [screen.py:websocket_connected()] - ### websocket_connected
2026-02-07 13:31:14,420 [KlippyWebsocket.py:identify_client()] - Sending server.connection.identify
2026-02-07 13:31:14,424 [printer.py:configure_cameras()] - Cameras: [{'name': 'usb', 'enabled': True, 'icon': 'mdiWebcam', 'aspect_ratio': '4:3', 'target_fps': 20, 'target_fps_idle': 15, 'location': 'printer', 'service': 'mjpegstreamer-adaptive', 'stream_url': '/webcam/?action=stream', 'snapshot_url': '/webcam/?action=snapshot', 'flip_horizontal': False, 'flip_vertical': False, 'rotation': 0, 'source': 'database', 'extra_data': {}, 'uid': '0e7eb866-bb7c-4230-a1dc-1efe5ea3ddf2'}]
2026-02-07 13:31:14,426 [screen.py:init_klipper()] - Moonraker info {'klippy_connected': True, 'klippy_state': 'error', 'components': ['secrets', 'template', 'klippy_connection', 'jsonrpc', 'internal_transport', 'application', 'websockets', 'database', 'dbus_manager', 'file_manager', 'authorization', 'klippy_apis', 'shell_command', 'machine', 'data_store', 'proc_stats', 'job_state', 'job_queue', 'history', 'http_client', 'announcements', 'webcam', 'extensions', 'timelapse', 'update_manager', 'octoprint_compat'], 'failed_components': [], 'registered_directories': ['config', 'logs', 'gcodes', 'timelapse', 'timelapse_frames', 'config_examples', 'docs'], 'warnings': [], 'websocket_count': 4, 'moonraker_version': 'v0.9.3-130-g5b92e52', 'missing_klippy_requirements': [], 'api_version': [1, 5, 0], 'api_version_string': '1.5.0'}
2026-02-07 13:31:14,532 [printer.py:log_counts()] - Klipper version: v0.13.0-515-g85ccd1d9-dirty
2026-02-07 13:31:14,532 [printer.py:log_counts()] - # Extruders: 1
2026-02-07 13:31:14,532 [printer.py:log_counts()] - # Temperature devices: 5
2026-02-07 13:31:14,532 [printer.py:log_counts()] - # Fans: 5
2026-02-07 13:31:14,532 [printer.py:log_counts()] - # Output pins: 2
2026-02-07 13:31:14,532 [printer.py:log_counts()] - # PWM tools: 0
2026-02-07 13:31:14,532 [printer.py:log_counts()] - # Leds: 1
2026-02-07 13:31:14,783 [KlippyWebsocket.py:object_subscription()] - Sending printer.objects.subscribe
2026-02-07 13:31:14,784 [files.py:set_gcodes_path()] - Gcodes path: /home/andre/printer_data/gcodes
2026-02-07 13:31:14,784 [screen.py:init_klipper()] - Printer initialized
2026-02-07 13:31:14,784 [printer.py:change_state()] - Changing state from 'disconnected' to 'error'
2026-02-07 13:31:14,784 [printer.py:change_state()] - Adding callback for state: error
2026-02-07 13:31:14,829 [screen.py:update_size()] - Size changed: 3440x1369
2026-02-07 13:31:14,936 [screen.py:set_screenblanking_timeout()] - Blanking timeout: 3600
2026-02-07 13:31:14,936 [screen.py:show_panel()] - Panel is already is in view
2026-02-07 13:32:26,053 [functions.py:log_start()] - --------------------KlipperScreen Log Start--------------------
2026-02-07 13:32:26,053 [functions.py:log_start()] - KlipperScreen Version: v0.4.6-32-gd038ca6
2026-02-07 13:32:26,053 [functions.py:log_start()] - Python version: 3.13
2026-02-07 13:32:26,098 [config.py:get_config_file_location()] - Passed config (-c): .
2026-02-07 13:32:26,099 [config.py:__init__()] - Config path location: /home/andre/printer_data/config/KlipperScreen.conf
2026-02-07 13:32:26,099 [config.py:_include_config()] - Parsing files: ['/home/andre/KlipperScreen/config/main_menu.conf']
2026-02-07 13:32:26,103 [config.py:_include_config()] - Parsing files: ['/home/andre/KlipperScreen/config/splash_menu.conf']
2026-02-07 13:32:26,104 [config.py:_include_config()] - Parsing files: ['/home/andre/KlipperScreen/config/print_menu.conf']
2026-02-07 13:32:26,107 [config.py:_include_config()] - Parsing files: ['/home/andre/KlipperScreen/config/move_menu.conf']
2026-02-07 13:32:26,110 [config.py:log_config()] - ===== Config File =====
[main]
use_dpms = False

[printer Printer]
moonraker_host = 127.0.0.1
moonraker_port = 7125
=======================
2026-02-07 13:32:26,110 [config.py:__init__()] - ====== Saved Def ======

[main]
use_dpms = False

=======================
2026-02-07 13:32:26,110 [config.py:__init__()] - Configured printers: [
  {
    "Printer": {
      "moonraker_host": "127.0.0.1",
      "moonraker_port": "7125",
      "moonraker_path": "",
      "moonraker_ssl": null,
      "moonraker_api_key": ""
    }
  }
]
2026-02-07 13:32:26,138 [config.py:create_translations()] - Selected lang: system_lang OS lang: en_GB
2026-02-07 13:32:26,138 [config.py:install_language()] - Using lang en
2026-02-07 13:32:26,142 [screen.py:__init__()] - Display for xset: :0
2026-02-07 13:32:26,142 [screen.py:__init__()] - Screen 0: 800x480
2026-02-07 13:32:26,142 [screen.py:__init__()] - Monitors: 1 using number: 0
2026-02-07 13:32:26,142 [screen.py:__init__()] - Wayland: False Display name: :0
2026-02-07 13:32:26,143 [screen.py:__init__()] - Screen resolution: 800x480
2026-02-07 13:32:26,223 [KlippyGtk.py:__init__()] - Font size: 17.8 (medium)
2026-02-07 13:32:26,256 [base_panel.py:battery_percentage()] - Battery information not available.
2026-02-07 13:32:26,297 [screen.py:set_screenblanking_timeout()] - Blanking timeout: 3600
2026-02-07 13:32:26,297 [screen.py:initial_connection()] - Default printer: None
2026-02-07 13:32:26,315 [screen.py:connect_printer()] - Connecting to printer: Printer
2026-02-07 13:32:26,315 [screen.py:_remove_all_panels()] - Removing all panels
2026-02-07 13:32:26,331 [screen.py:_load_panel()] - Loading panel: splash_screen
2026-02-07 13:32:26,345 [screen.py:attach_panel()] - Current panel hierarchy: splash_screen
2026-02-07 13:32:26,352 [KlippyWebsocket.py:connect()] - Attempting to connect
2026-02-07 13:32:26,352 [KlippyWebsocket.py:connect()] - Starting websocket thread
2026-02-07 13:32:26,354 [_logging.py:info()] - Websocket connected
2026-02-07 13:32:26,355 [KlippyWebsocket.py:on_open()] - Moonraker Websocket Open
2026-02-07 13:32:26,356 [screen.py:websocket_connected()] - ### websocket_connected
2026-02-07 13:32:26,367 [KlippyWebsocket.py:identify_client()] - Sending server.connection.identify
2026-02-07 13:32:26,370 [printer.py:configure_cameras()] - Cameras: [{'name': 'usb', 'enabled': True, 'icon': 'mdiWebcam', 'aspect_ratio': '4:3', 'target_fps': 20, 'target_fps_idle': 15, 'location': 'printer', 'service': 'mjpegstreamer-adaptive', 'stream_url': '/webcam/?action=stream', 'snapshot_url': '/webcam/?action=snapshot', 'flip_horizontal': False, 'flip_vertical': False, 'rotation': 0, 'source': 'database', 'extra_data': {}, 'uid': '0e7eb866-bb7c-4230-a1dc-1efe5ea3ddf2'}]
2026-02-07 13:32:26,372 [screen.py:init_klipper()] - Moonraker info {'klippy_connected': True, 'klippy_state': 'error', 'components': ['secrets', 'template', 'klippy_connection', 'jsonrpc', 'internal_transport', 'application', 'websockets', 'database', 'dbus_manager', 'file_manager', 'authorization', 'klippy_apis', 'shell_command', 'machine', 'data_store', 'proc_stats', 'job_state', 'job_queue', 'history', 'http_client', 'announcements', 'webcam', 'extensions', 'timelapse', 'update_manager', 'octoprint_compat'], 'failed_components': [], 'registered_directories': ['config', 'logs', 'gcodes', 'timelapse', 'timelapse_frames', 'config_examples', 'docs'], 'warnings': [], 'websocket_count': 4, 'moonraker_version': 'v0.9.3-130-g5b92e52', 'missing_klippy_requirements': [], 'api_version': [1, 5, 0], 'api_version_string': '1.5.0'}
2026-02-07 13:32:26,412 [printer.py:log_counts()] - Klipper version: v0.13.0-515-g85ccd1d9-dirty
2026-02-07 13:32:26,412 [printer.py:log_counts()] - # Extruders: 1
2026-02-07 13:32:26,412 [printer.py:log_counts()] - # Temperature devices: 5
2026-02-07 13:32:26,412 [printer.py:log_counts()] - # Fans: 5
2026-02-07 13:32:26,412 [printer.py:log_counts()] - # Output pins: 2
2026-02-07 13:32:26,412 [printer.py:log_counts()] - # PWM tools: 0
2026-02-07 13:32:26,412 [printer.py:log_counts()] - # Leds: 1
2026-02-07 13:32:26,662 [KlippyWebsocket.py:object_subscription()] - Sending printer.objects.subscribe
2026-02-07 13:32:26,663 [files.py:set_gcodes_path()] - Gcodes path: /home/andre/printer_data/gcodes
2026-02-07 13:32:26,663 [screen.py:init_klipper()] - Printer initialized
2026-02-07 13:32:26,663 [printer.py:change_state()] - Changing state from 'disconnected' to 'error'
2026-02-07 13:32:26,663 [printer.py:change_state()] - Adding callback for state: error
2026-02-07 13:32:26,705 [screen.py:set_screenblanking_timeout()] - Blanking timeout: 3600
2026-02-07 13:32:26,705 [screen.py:show_panel()] - Panel is already is in view
2026-02-07 13:34:39,992 [functions.py:log_start()] - --------------------KlipperScreen Log Start--------------------
2026-02-07 13:34:39,993 [functions.py:log_start()] - KlipperScreen Version: v0.4.6-32-gd038ca6
2026-02-07 13:34:39,993 [functions.py:log_start()] - Python version: 3.13
2026-02-07 13:34:40,038 [config.py:get_config_file_location()] - Passed config (-c): .
2026-02-07 13:34:40,038 [config.py:__init__()] - Config path location: /home/andre/printer_data/config/KlipperScreen.conf
2026-02-07 13:34:40,039 [config.py:_include_config()] - Parsing files: ['/home/andre/KlipperScreen/config/main_menu.conf']
2026-02-07 13:34:40,042 [config.py:_include_config()] - Parsing files: ['/home/andre/KlipperScreen/config/splash_menu.conf']
2026-02-07 13:34:40,044 [config.py:_include_config()] - Parsing files: ['/home/andre/KlipperScreen/config/print_menu.conf']
2026-02-07 13:34:40,046 [config.py:_include_config()] - Parsing files: ['/home/andre/KlipperScreen/config/move_menu.conf']
2026-02-07 13:34:40,048 [config.py:log_config()] - ===== Config File =====
[main]
use_dpms = False

[printer Printer]
moonraker_host = 127.0.0.1
moonraker_port = 7125
=======================
2026-02-07 13:34:40,048 [config.py:__init__()] - ====== Saved Def ======

[main]
use_dpms = False

=======================
2026-02-07 13:34:40,049 [config.py:__init__()] - Configured printers: [
  {
    "Printer": {
      "moonraker_host": "127.0.0.1",
      "moonraker_port": "7125",
      "moonraker_path": "",
      "moonraker_ssl": null,
      "moonraker_api_key": ""
    }
  }
]
2026-02-07 13:34:40,075 [config.py:create_translations()] - Selected lang: system_lang OS lang: en_GB
2026-02-07 13:34:40,075 [config.py:install_language()] - Using lang en
2026-02-07 13:34:40,079 [screen.py:__init__()] - Display for xset: :0
2026-02-07 13:34:40,079 [screen.py:__init__()] - Screen 0: 800x480
2026-02-07 13:34:40,079 [screen.py:__init__()] - Monitors: 1 using number: 0
2026-02-07 13:34:40,080 [screen.py:__init__()] - Wayland: False Display name: :0
2026-02-07 13:34:40,080 [screen.py:__init__()] - Screen resolution: 800x480
2026-02-07 13:34:40,160 [KlippyGtk.py:__init__()] - Font size: 17.8 (medium)
2026-02-07 13:34:40,193 [base_panel.py:battery_percentage()] - Battery information not available.
2026-02-07 13:34:40,235 [screen.py:set_screenblanking_timeout()] - Blanking timeout: 3600
2026-02-07 13:34:40,236 [screen.py:initial_connection()] - Default printer: None
2026-02-07 13:34:40,254 [screen.py:connect_printer()] - Connecting to printer: Printer
2026-02-07 13:34:40,254 [screen.py:_remove_all_panels()] - Removing all panels
2026-02-07 13:34:40,269 [screen.py:_load_panel()] - Loading panel: splash_screen
2026-02-07 13:34:40,284 [screen.py:attach_panel()] - Current panel hierarchy: splash_screen
2026-02-07 13:34:40,291 [KlippyWebsocket.py:connect()] - Attempting to connect
2026-02-07 13:34:40,291 [KlippyWebsocket.py:connect()] - Starting websocket thread
2026-02-07 13:34:40,293 [_logging.py:info()] - Websocket connected
2026-02-07 13:34:40,293 [KlippyWebsocket.py:on_open()] - Moonraker Websocket Open
2026-02-07 13:34:40,293 [screen.py:websocket_connected()] - ### websocket_connected
2026-02-07 13:34:40,304 [KlippyWebsocket.py:identify_client()] - Sending server.connection.identify
2026-02-07 13:34:40,307 [printer.py:configure_cameras()] - Cameras: [{'name': 'usb', 'enabled': True, 'icon': 'mdiWebcam', 'aspect_ratio': '4:3', 'target_fps': 20, 'target_fps_idle': 15, 'location': 'printer', 'service': 'mjpegstreamer-adaptive', 'stream_url': '/webcam/?action=stream', 'snapshot_url': '/webcam/?action=snapshot', 'flip_horizontal': False, 'flip_vertical': False, 'rotation': 0, 'source': 'database', 'extra_data': {}, 'uid': '0e7eb866-bb7c-4230-a1dc-1efe5ea3ddf2'}]
2026-02-07 13:34:40,309 [screen.py:init_klipper()] - Moonraker info {'klippy_connected': True, 'klippy_state': 'error', 'components': ['secrets', 'template', 'klippy_connection', 'jsonrpc', 'internal_transport', 'application', 'websockets', 'database', 'dbus_manager', 'file_manager', 'authorization', 'klippy_apis', 'shell_command', 'machine', 'data_store', 'proc_stats', 'job_state', 'job_queue', 'history', 'http_client', 'announcements', 'webcam', 'extensions', 'timelapse', 'update_manager', 'octoprint_compat'], 'failed_components': [], 'registered_directories': ['config', 'logs', 'gcodes', 'timelapse', 'timelapse_frames', 'config_examples', 'docs'], 'warnings': [], 'websocket_count': 4, 'moonraker_version': 'v0.9.3-130-g5b92e52', 'missing_klippy_requirements': [], 'api_version': [1, 5, 0], 'api_version_string': '1.5.0'}
2026-02-07 13:34:40,424 [printer.py:log_counts()] - Klipper version: v0.13.0-515-g85ccd1d9-dirty
2026-02-07 13:34:40,424 [printer.py:log_counts()] - # Extruders: 1
2026-02-07 13:34:40,424 [printer.py:log_counts()] - # Temperature devices: 5
2026-02-07 13:34:40,424 [printer.py:log_counts()] - # Fans: 5
2026-02-07 13:34:40,424 [printer.py:log_counts()] - # Output pins: 2
2026-02-07 13:34:40,424 [printer.py:log_counts()] - # PWM tools: 0
2026-02-07 13:34:40,424 [printer.py:log_counts()] - # Leds: 1
2026-02-07 13:34:40,674 [KlippyWebsocket.py:object_subscription()] - Sending printer.objects.subscribe
2026-02-07 13:34:40,674 [files.py:set_gcodes_path()] - Gcodes path: /home/andre/printer_data/gcodes
2026-02-07 13:34:40,674 [screen.py:init_klipper()] - Printer initialized
2026-02-07 13:34:40,674 [printer.py:change_state()] - Changing state from 'disconnected' to 'error'
2026-02-07 13:34:40,674 [printer.py:change_state()] - Adding callback for state: error
2026-02-07 13:34:40,716 [screen.py:set_screenblanking_timeout()] - Blanking timeout: 3600
2026-02-07 13:34:40,716 [screen.py:show_panel()] - Panel is already is in view
2026-02-07 13:35:34,394 [functions.py:log_start()] - --------------------KlipperScreen Log Start--------------------
2026-02-07 13:35:34,394 [functions.py:log_start()] - KlipperScreen Version: v0.4.6-32-gd038ca6
2026-02-07 13:35:34,394 [functions.py:log_start()] - Python version: 3.13
2026-02-07 13:35:34,396 [screen.py:__init__()] - Gtk couldn't be initialized. Use Gtk.init_check() if you want to handle this case.

Traceback (most recent call last):
  File "/home/andre/KlipperScreen/screen.py", line 87, in __init__
    super().__init__(title="KlipperScreen")
    ~~~~~~~~~~~~~~~~^^^^^^^^^^^^^^^^^^^^^^^
  File "/home/andre/.KlipperScreen-env/lib/python3.13/site-packages/gi/overrides/Gtk.py", line 505, in __init__
    raise RuntimeError(
        "Gtk couldn't be initialized. "
        "Use Gtk.init_check() if you want to handle this case.")
RuntimeError: Gtk couldn't be initialized. Use Gtk.init_check() if you want to handle this case.
Traceback (most recent call last):
  File "/home/andre/KlipperScreen/screen.py", line 87, in __init__
    super().__init__(title="KlipperScreen")
    ~~~~~~~~~~~~~~~~^^^^^^^^^^^^^^^^^^^^^^^
  File "/home/andre/.KlipperScreen-env/lib/python3.13/site-packages/gi/overrides/Gtk.py", line 505, in __init__
    raise RuntimeError(
        "Gtk couldn't be initialized. "
        "Use Gtk.init_check() if you want to handle this case.")
RuntimeError: Gtk couldn't be initialized. Use Gtk.init_check() if you want to handle this case.
2026-02-07 13:35:34,398 [screen.py:main()] - Failed to initialize window


Traceback (most recent call last):
  File "/home/andre/KlipperScreen/screen.py", line 87, in __init__
    super().__init__(title="KlipperScreen")
    ~~~~~~~~~~~~~~~~^^^^^^^^^^^^^^^^^^^^^^^
  File "/home/andre/.KlipperScreen-env/lib/python3.13/site-packages/gi/overrides/Gtk.py", line 505, in __init__
    raise RuntimeError(
        "Gtk couldn't be initialized. "
        "Use Gtk.init_check() if you want to handle this case.")
RuntimeError: Gtk couldn't be initialized. Use Gtk.init_check() if you want to handle this case.

The above exception was the direct cause of the following exception:

Traceback (most recent call last):
  File "/home/andre/KlipperScreen/screen.py", line 1359, in main
    win = KlipperScreen(args)
  File "/home/andre/KlipperScreen/screen.py", line 90, in __init__
    raise RuntimeError from e
RuntimeError
Traceback (most recent call last):
  File "/home/andre/KlipperScreen/screen.py", line 87, in __init__
    super().__init__(title="KlipperScreen")
    ~~~~~~~~~~~~~~~~^^^^^^^^^^^^^^^^^^^^^^^
  File "/home/andre/.KlipperScreen-env/lib/python3.13/site-packages/gi/overrides/Gtk.py", line 505, in __init__
    raise RuntimeError(
        "Gtk couldn't be initialized. "
        "Use Gtk.init_check() if you want to handle this case.")
RuntimeError: Gtk couldn't be initialized. Use Gtk.init_check() if you want to handle this case.

The above exception was the direct cause of the following exception:

Traceback (most recent call last):
  File "/home/andre/KlipperScreen/screen.py", line 1359, in main
    win = KlipperScreen(args)
  File "/home/andre/KlipperScreen/screen.py", line 90, in __init__
    raise RuntimeError from e
RuntimeError
2026-02-07 13:36:32,892 [functions.py:log_start()] - --------------------KlipperScreen Log Start--------------------
2026-02-07 13:36:32,892 [functions.py:log_start()] - KlipperScreen Version: v0.4.6-32-gd038ca6
2026-02-07 13:36:32,892 [functions.py:log_start()] - Python version: 3.13
2026-02-07 13:36:32,895 [screen.py:__init__()] - Gtk couldn't be initialized. Use Gtk.init_check() if you want to handle this case.

Traceback (most recent call last):
  File "/home/andre/KlipperScreen/screen.py", line 87, in __init__
    super().__init__(title="KlipperScreen")
    ~~~~~~~~~~~~~~~~^^^^^^^^^^^^^^^^^^^^^^^
  File "/home/andre/.KlipperScreen-env/lib/python3.13/site-packages/gi/overrides/Gtk.py", line 505, in __init__
    raise RuntimeError(
        "Gtk couldn't be initialized. "
        "Use Gtk.init_check() if you want to handle this case.")
RuntimeError: Gtk couldn't be initialized. Use Gtk.init_check() if you want to handle this case.
Traceback (most recent call last):
  File "/home/andre/KlipperScreen/screen.py", line 87, in __init__
    super().__init__(title="KlipperScreen")
    ~~~~~~~~~~~~~~~~^^^^^^^^^^^^^^^^^^^^^^^
  File "/home/andre/.KlipperScreen-env/lib/python3.13/site-packages/gi/overrides/Gtk.py", line 505, in __init__
    raise RuntimeError(
        "Gtk couldn't be initialized. "
        "Use Gtk.init_check() if you want to handle this case.")
RuntimeError: Gtk couldn't be initialized. Use Gtk.init_check() if you want to handle this case.
2026-02-07 13:36:32,896 [screen.py:main()] - Failed to initialize window


Traceback (most recent call last):
  File "/home/andre/KlipperScreen/screen.py", line 87, in __init__
    super().__init__(title="KlipperScreen")
    ~~~~~~~~~~~~~~~~^^^^^^^^^^^^^^^^^^^^^^^
  File "/home/andre/.KlipperScreen-env/lib/python3.13/site-packages/gi/overrides/Gtk.py", line 505, in __init__
    raise RuntimeError(
        "Gtk couldn't be initialized. "
        "Use Gtk.init_check() if you want to handle this case.")
RuntimeError: Gtk couldn't be initialized. Use Gtk.init_check() if you want to handle this case.

The above exception was the direct cause of the following exception:

Traceback (most recent call last):
  File "/home/andre/KlipperScreen/screen.py", line 1359, in main
    win = KlipperScreen(args)
  File "/home/andre/KlipperScreen/screen.py", line 90, in __init__
    raise RuntimeError from e
RuntimeError
Traceback (most recent call last):
  File "/home/andre/KlipperScreen/screen.py", line 87, in __init__
    super().__init__(title="KlipperScreen")
    ~~~~~~~~~~~~~~~~^^^^^^^^^^^^^^^^^^^^^^^
  File "/home/andre/.KlipperScreen-env/lib/python3.13/site-packages/gi/overrides/Gtk.py", line 505, in __init__
    raise RuntimeError(
        "Gtk couldn't be initialized. "
        "Use Gtk.init_check() if you want to handle this case.")
RuntimeError: Gtk couldn't be initialized. Use Gtk.init_check() if you want to handle this case.

The above exception was the direct cause of the following exception:

Traceback (most recent call last):
  File "/home/andre/KlipperScreen/screen.py", line 1359, in main
    win = KlipperScreen(args)
  File "/home/andre/KlipperScreen/screen.py", line 90, in __init__
    raise RuntimeError from e
RuntimeError
2026-02-07 13:37:49,888 [functions.py:log_start()] - --------------------KlipperScreen Log Start--------------------
2026-02-07 13:37:49,888 [functions.py:log_start()] - KlipperScreen Version: v0.4.6-32-gd038ca6
2026-02-07 13:37:49,888 [functions.py:log_start()] - Python version: 3.13
2026-02-07 13:37:49,934 [config.py:get_config_file_location()] - Passed config (-c): .
2026-02-07 13:37:49,935 [config.py:__init__()] - Config path location: /home/andre/printer_data/config/KlipperScreen.conf
2026-02-07 13:37:49,935 [config.py:_include_config()] - Parsing files: ['/home/andre/KlipperScreen/config/main_menu.conf']
2026-02-07 13:37:49,939 [config.py:_include_config()] - Parsing files: ['/home/andre/KlipperScreen/config/splash_menu.conf']
2026-02-07 13:37:49,940 [config.py:_include_config()] - Parsing files: ['/home/andre/KlipperScreen/config/print_menu.conf']
2026-02-07 13:37:49,943 [config.py:_include_config()] - Parsing files: ['/home/andre/KlipperScreen/config/move_menu.conf']
2026-02-07 13:37:49,946 [config.py:log_config()] - ===== Config File =====
[main]
use_dpms = False

[printer Printer]
moonraker_host = 127.0.0.1
moonraker_port = 7125
=======================
2026-02-07 13:37:49,946 [config.py:__init__()] - ====== Saved Def ======

[main]
use_dpms = False

=======================
2026-02-07 13:37:49,946 [config.py:__init__()] - Configured printers: [
  {
    "Printer": {
      "moonraker_host": "127.0.0.1",
      "moonraker_port": "7125",
      "moonraker_path": "",
      "moonraker_ssl": null,
      "moonraker_api_key": ""
    }
  }
]
2026-02-07 13:37:49,976 [config.py:create_translations()] - Selected lang: system_lang OS lang: en_GB
2026-02-07 13:37:49,976 [config.py:install_language()] - Using lang en
2026-02-07 13:37:49,980 [screen.py:__init__()] - Display for xset: localhost:10.0
2026-02-07 13:37:49,981 [screen.py:__init__()] - Screen 0: 8560x1440
2026-02-07 13:37:49,981 [screen.py:__init__()] - Monitors: 1 using number: 0
2026-02-07 13:37:49,981 [screen.py:__init__()] - Wayland: False Display name: localhost:10.0
2026-02-07 13:37:49,982 [screen.py:__init__()] - Screen resolution: 8560x1440
2026-02-07 13:37:50,067 [KlippyGtk.py:__init__()] - Font size: 53.3 (medium)
2026-02-07 13:37:50,102 [base_panel.py:battery_percentage()] - Battery information not available.
2026-02-07 13:37:50,199 [screen.py:set_screenblanking_timeout()] - Blanking timeout: 3600
2026-02-07 13:37:50,199 [screen.py:initial_connection()] - Default printer: None
2026-02-07 13:37:50,216 [screen.py:connect_printer()] - Connecting to printer: Printer
2026-02-07 13:37:50,216 [screen.py:_remove_all_panels()] - Removing all panels
2026-02-07 13:37:50,231 [screen.py:_load_panel()] - Loading panel: splash_screen
2026-02-07 13:37:50,255 [screen.py:attach_panel()] - Current panel hierarchy: splash_screen
2026-02-07 13:37:50,262 [KlippyWebsocket.py:connect()] - Attempting to connect
2026-02-07 13:37:50,262 [KlippyWebsocket.py:connect()] - Starting websocket thread
2026-02-07 13:37:50,264 [_logging.py:info()] - Websocket connected
2026-02-07 13:37:50,264 [KlippyWebsocket.py:on_open()] - Moonraker Websocket Open
2026-02-07 13:37:50,314 [screen.py:update_size()] - Size changed: 8560x1421
2026-02-07 13:37:50,315 [screen.py:websocket_connected()] - ### websocket_connected
2026-02-07 13:37:50,327 [KlippyWebsocket.py:identify_client()] - Sending server.connection.identify
2026-02-07 13:37:50,330 [printer.py:configure_cameras()] - Cameras: [{'name': 'usb', 'enabled': True, 'icon': 'mdiWebcam', 'aspect_ratio': '4:3', 'target_fps': 20, 'target_fps_idle': 15, 'location': 'printer', 'service': 'mjpegstreamer-adaptive', 'stream_url': '/webcam/?action=stream', 'snapshot_url': '/webcam/?action=snapshot', 'flip_horizontal': False, 'flip_vertical': False, 'rotation': 0, 'source': 'database', 'extra_data': {}, 'uid': '0e7eb866-bb7c-4230-a1dc-1efe5ea3ddf2'}]
2026-02-07 13:37:50,332 [screen.py:init_klipper()] - Moonraker info {'klippy_connected': True, 'klippy_state': 'error', 'components': ['secrets', 'template', 'klippy_connection', 'jsonrpc', 'internal_transport', 'application', 'websockets', 'database', 'dbus_manager', 'file_manager', 'authorization', 'klippy_apis', 'shell_command', 'machine', 'data_store', 'proc_stats', 'job_state', 'job_queue', 'history', 'http_client', 'announcements', 'webcam', 'extensions', 'timelapse', 'update_manager', 'octoprint_compat'], 'failed_components': [], 'registered_directories': ['config', 'logs', 'gcodes', 'timelapse', 'timelapse_frames', 'config_examples', 'docs'], 'warnings': [], 'websocket_count': 4, 'moonraker_version': 'v0.9.3-130-g5b92e52', 'missing_klippy_requirements': [], 'api_version': [1, 5, 0], 'api_version_string': '1.5.0'}
2026-02-07 13:37:50,551 [printer.py:log_counts()] - Klipper version: v0.13.0-515-g85ccd1d9-dirty
2026-02-07 13:37:50,551 [printer.py:log_counts()] - # Extruders: 1
2026-02-07 13:37:50,551 [printer.py:log_counts()] - # Temperature devices: 5
2026-02-07 13:37:50,551 [printer.py:log_counts()] - # Fans: 5
2026-02-07 13:37:50,551 [printer.py:log_counts()] - # Output pins: 2
2026-02-07 13:37:50,551 [printer.py:log_counts()] - # PWM tools: 0
2026-02-07 13:37:50,551 [printer.py:log_counts()] - # Leds: 1
2026-02-07 13:37:50,802 [KlippyWebsocket.py:object_subscription()] - Sending printer.objects.subscribe
2026-02-07 13:37:50,802 [files.py:set_gcodes_path()] - Gcodes path: /home/andre/printer_data/gcodes
2026-02-07 13:37:50,802 [screen.py:init_klipper()] - Printer initialized
2026-02-07 13:37:50,802 [printer.py:change_state()] - Changing state from 'disconnected' to 'error'
2026-02-07 13:37:50,802 [printer.py:change_state()] - Adding callback for state: error
2026-02-07 13:37:50,832 [screen.py:update_size()] - Size changed: 3440x1369
2026-02-07 13:37:50,940 [screen.py:set_screenblanking_timeout()] - Blanking timeout: 3600
2026-02-07 13:37:50,940 [screen.py:show_panel()] - Panel is already is in view
2026-02-07 13:38:32,833 [functions.py:log_start()] - --------------------KlipperScreen Log Start--------------------
2026-02-07 13:38:32,833 [functions.py:log_start()] - KlipperScreen Version: v0.4.6-32-gd038ca6
2026-02-07 13:38:32,833 [functions.py:log_start()] - Python version: 3.13
2026-02-07 13:38:32,836 [screen.py:__init__()] - Gtk couldn't be initialized. Use Gtk.init_check() if you want to handle this case.

Traceback (most recent call last):
  File "/home/andre/KlipperScreen/screen.py", line 87, in __init__
    super().__init__(title="KlipperScreen")
    ~~~~~~~~~~~~~~~~^^^^^^^^^^^^^^^^^^^^^^^
  File "/home/andre/.KlipperScreen-env/lib/python3.13/site-packages/gi/overrides/Gtk.py", line 505, in __init__
    raise RuntimeError(
        "Gtk couldn't be initialized. "
        "Use Gtk.init_check() if you want to handle this case.")
RuntimeError: Gtk couldn't be initialized. Use Gtk.init_check() if you want to handle this case.
Traceback (most recent call last):
  File "/home/andre/KlipperScreen/screen.py", line 87, in __init__
    super().__init__(title="KlipperScreen")
    ~~~~~~~~~~~~~~~~^^^^^^^^^^^^^^^^^^^^^^^
  File "/home/andre/.KlipperScreen-env/lib/python3.13/site-packages/gi/overrides/Gtk.py", line 505, in __init__
    raise RuntimeError(
        "Gtk couldn't be initialized. "
        "Use Gtk.init_check() if you want to handle this case.")
RuntimeError: Gtk couldn't be initialized. Use Gtk.init_check() if you want to handle this case.
2026-02-07 13:38:32,837 [screen.py:main()] - Failed to initialize window


Traceback (most recent call last):
  File "/home/andre/KlipperScreen/screen.py", line 87, in __init__
    super().__init__(title="KlipperScreen")
    ~~~~~~~~~~~~~~~~^^^^^^^^^^^^^^^^^^^^^^^
  File "/home/andre/.KlipperScreen-env/lib/python3.13/site-packages/gi/overrides/Gtk.py", line 505, in __init__
    raise RuntimeError(
        "Gtk couldn't be initialized. "
        "Use Gtk.init_check() if you want to handle this case.")
RuntimeError: Gtk couldn't be initialized. Use Gtk.init_check() if you want to handle this case.

The above exception was the direct cause of the following exception:

Traceback (most recent call last):
  File "/home/andre/KlipperScreen/screen.py", line 1359, in main
    win = KlipperScreen(args)
  File "/home/andre/KlipperScreen/screen.py", line 90, in __init__
    raise RuntimeError from e
RuntimeError
Traceback (most recent call last):
  File "/home/andre/KlipperScreen/screen.py", line 87, in __init__
    super().__init__(title="KlipperScreen")
    ~~~~~~~~~~~~~~~~^^^^^^^^^^^^^^^^^^^^^^^
  File "/home/andre/.KlipperScreen-env/lib/python3.13/site-packages/gi/overrides/Gtk.py", line 505, in __init__
    raise RuntimeError(
        "Gtk couldn't be initialized. "
        "Use Gtk.init_check() if you want to handle this case.")
RuntimeError: Gtk couldn't be initialized. Use Gtk.init_check() if you want to handle this case.

The above exception was the direct cause of the following exception:

Traceback (most recent call last):
  File "/home/andre/KlipperScreen/screen.py", line 1359, in main
    win = KlipperScreen(args)
  File "/home/andre/KlipperScreen/screen.py", line 90, in __init__
    raise RuntimeError from e
RuntimeError
