-------------------- Log Start | Fri Mar 27 22:04:27 2026 --------------------
platform: Linux-6.12.47+rpt-rpi-v8-aarch64-with-glibc2.41
data_path: /home/andre/printer_data
is_default_data_path: False
config_file: /home/andre/printer_data/config/moonraker.conf
backup_config: /home/andre/printer_data/config/.moonraker.conf.bkp
startup_warnings: []
verbose: False
debug: False
asyncio_debug: False
is_backup_config: False
is_python_package: False
instance_uuid: a6cb87885a8e40328f25def5defb5cfb
unix_socket_path: /home/andre/printer_data/comms/moonraker.sock
structured_logging: False
software_version: v0.10.0-19-g1ed102e
git_branch: master
git_remote: origin
git_repo_url: https://github.com/Arksine/moonraker
modified_files: []
unofficial_components: []
log_file: /home/andre/printer_data/logs/moonraker.log
python_version: 3.13.5 (main, Jun 25 2025, 18:55:22) [GCC 14.2.0]
launch_args: /home/andre/moonraker-env/bin/python /home/andre/moonraker/moonraker/moonraker.py -d /home/andre/printer_data
msgspec_enabled: True
uvloop_enabled: True

#################### Moonraker Configuration ####################

[server]
host = 0.0.0.0
port = 7125
klippy_uds_address = /home/andre/printer_data/comms/klippy.sock

[authorization]
trusted_clients = 
	192.168.0.0/16
	10.0.0.0/8
	127.0.0.0/8
	169.254.0.0/16
	172.16.0.0/12
	192.168.0.0/16
	FC00::/7
	FE80::/10
	::1/128
cors_domains = 
	*.lan
	*.local
	*://localhost
	*://localhost:*
	*://my.mainsail.xyz
	*://app.fluidd.xyz

[octoprint_compat]

[timelapse]

[history]

[file_manager]
enable_object_processing = True

[update_manager]
channel = dev
refresh_interval = 168

[update_manager mainsail]
path = /home/andre/mainsail
repo = mainsail-crew/mainsail
channel = stable
type = web
persistent_files = 
	config.json

[update_manager mainsail-config]
managed_services = klipper
origin = https://github.com/mainsail-crew/mainsail-config.git
path = /home/andre/mainsail-config
primary_branch = master
type = git_repo

[update_manager fluidd]
path = /home/andre/fluidd
repo = fluidd-core/fluidd
channel = stable
type = web
persistent_files = 
	config.json

[update_manager Klipper-Adaptive-Meshing-Purging]
type = git_repo
channel = dev
path = ~/Klipper-Adaptive-Meshing-Purging
origin = https://github.com/kyleisah/Klipper-Adaptive-Meshing-Purging.git
managed_services = klipper
primary_branch = main

[update_manager crowsnest]
type = git_repo
path = ~/crowsnest
origin = https://github.com/mainsail-crew/crowsnest.git
managed_services = crowsnest
install_script = tools/pkglist.sh

[update_manager KlipperScreen]
install_script = /home/andre/KlipperScreen/scripts/KlipperScreen-install.sh
requirements = /home/andre/KlipperScreen/scripts/KlipperScreen-requirements.txt
env = /home/andre/.KlipperScreen-env/bin/python
managed_services = KlipperScreen
origin = https://github.com/KlipperScreen/KlipperScreen.git
path = /home/andre/KlipperScreen
type = git_repo

[update_manager timelapse]
type = git_repo
primary_branch = main
path = ~/moonraker-timelapse
origin = https://github.com/mainsail-crew/moonraker-timelapse.git
managed_services = klipper moonraker

[update_manager mobileraker]
install_script = /home/andre/mobileraker_companion/scripts/install.sh
requirements = /home/andre/mobileraker_companion/scripts/mobileraker-requirements.txt
env = /home/andre/mobileraker-env/bin/python
managed_services = mobileraker
primary_branch = main
origin = https://github.com/Clon1998/mobileraker_companion.git
path = /home/andre/mobileraker_companion
type = git_repo

[update_manager octoeverywhere]
type = git_repo
channel = beta
path = /home/andre/octoeverywhere
origin = https://github.com/QuinnDamerell/OctoPrint-OctoEverywhere.git
env = /home/andre/octoeverywhere-env/bin/python
requirements = requirements.txt
install_script = install.sh
managed_services = 
	octoeverywhere

[announcements]
subscriptions = 
	octoeverywhere

[update_manager klipper-backup]
type = git_repo
path = ~/klipper-backup
origin = https://github.com/Staubgeborener/klipper-backup.git
managed_services = moonraker
primary_branch = main

[mqtt]
address = 127.0.0.1
port = 1883

[sensor chamber_env]
type = mqtt
name = Chamber Env
parameter_temperature = 
	units=C
parameter_humidity = 
	units=%
parameter_voc_index = 
	units=PPCM
state_topic = printer/air_monitor/state
state_response_template = 
	{% set d = payload|fromjson %}
	{set_result("temperature", d["temperature"]|float)}
	{set_result("humidity", d["humidity"]|float)}
	{set_result("voc_index", d["voc_index"]|float)}

#################################################################
All Configuration Files:
/home/andre/printer_data/config/moonraker.conf
/home/andre/printer_data/config/octoeverywhere-system.cfg
#################################################################
Loading Sqlite database provider. Sqlite Version: 3.46.1
Unsafe Shutdown Count: 101

System Info:

***python***
  version: (3, 13, 5, 'final', 0)
  version_string: 3.13.5 (main, Jun 25 2025, 18:55:22) [GCC 14.2.0]

***cpu_info***
  cpu_count: 4
  bits: 32bit
  processor: aarch64
  cpu_desc: 
  serial_number: c942f71e6dd0b7fa
  hardware_desc: 
  model: Raspberry Pi 5 Model B Rev 1.0
  total_memory: 4091472
  memory_units: kB

***sd_info***
  manufacturer_id: 27
  manufacturer: Unknown
  oem_id: 5048
  product_name: SD64G
  product_revision: 6.0
  serial_number: 7c238181
  manufacturer_date: 8/2024
  capacity: 58.2 GiB
  total_bytes: 62534975488

***distribution***
  name: Raspbian GNU/Linux 13 (trixie)
  id: raspbian
  version: 13
  version_parts: {'major': '13', 'minor': '', 'build_number': ''}
  like: debian
  codename: trixie
  release_info: {}
  kernel_version: 6.12.47+rpt-rpi-v8

***virtualization***
  virt_type: none
  virt_identifier: none

***network***

***canbus***

***Allowed Services***
  klipper_mcu
  webcamd
  MoonCord
  KlipperScreen
  moonraker-telegram-bot
  moonraker-obico
  sonar
  crowsnest
  octoeverywhere
  ratos-configurator
  mobileraker
Found libcamera Python module, version: v0.5.2+99-bfd68f78

Systemd unit moonraker.service:
unit_name: moonraker.service
is_default: True
manager: systemd
Properties:
**Requires=['system.slice', '-.mount', 'sysinit.target', 'network-online.target']
**After=['network-online.target', 'systemd-journald.socket', 'system.slice', 'basic.target', 'sysinit.target', '-.mount']
**SupplementaryGroups=['moonraker-admin']
**EnvironmentFiles=/home/andre/printer_data/systemd/moonraker.env
**ExecStart=/home/andre/moonraker-env/bin/python $MOONRAKER_ARGS
**WorkingDirectory=/home/andre/moonraker
**FragmentPath=/etc/systemd/system/moonraker.service
**Description=API Server for Klipper SV1
**User=andre

Systemd unit klipper.service:
unit_name: klipper.service
is_default: True
manager: systemd
Properties:
**Requires=['system.slice', '-.mount', 'sysinit.target']
**After=['network-online.target', 'system.slice', 'klipper-mcu.service', '-.mount', 'systemd-journald.socket', 'sysinit.target', 'basic.target']
**SupplementaryGroups=[]
**EnvironmentFiles=/home/andre/printer_data/systemd/klipper.env
**ExecStart=/home/andre/klippy-env/bin/python $KLIPPER_ARGS
**WorkingDirectory=/home/andre/klipper
**FragmentPath=/etc/systemd/system/klipper.service
**Description=Klipper 3D Printer Firmware SV1
**User=andre
Git Repo moonraker: Warnings detected:
  Repo has untracked source files: ['moonraker/components/timelapse.py']
Git Repo klipper: Warnings detected:
  Repo has untracked source files: ['klippy/extras/gcode_shell_command.py']
Git Repo mainsail-config: No warnings detected
Git Repo Klipper-Adaptive-Meshing-Purging: No warnings detected
Git Repo crowsnest: No warnings detected
Git Repo KlipperScreen: No warnings detected
Git Repo timelapse: No warnings detected
Git Repo mobileraker: No warnings detected
Git Repo octoeverywhere: No warnings detected
Git Repo klipper-backup: No warnings detected
Klipper Version: v0.13.0-593-g2f05309d-dirty
2026-03-27 18:04:27,287 [mqtt.py:_on_socket_close()] - MQTT Socket Closed
2026-03-27 18:04:27,287 [mqtt.py:_on_disconnect()] - MQTT Server Disconnected, reason: The connection was lost.
2026-03-27 18:04:27,288 [mqtt.py:misc_loop()] - MQTT Misc Loop Complete
2026-03-27 18:04:27,288 [mqtt.py:_do_reconnect()] - Attempting MQTT Connect/Reconnect
2026-03-27 18:04:27,328 [application.py:log_request()] - 101 GET /websocket (127.0.0.1) [_TRUSTED_USER_] 0.52ms
2026-03-27 18:04:27,328 [websockets.py:open()] - Websocket Opened: ID: 4056314784, Proxied: False, User Agent: , Host Name: 0.0.0.0
2026-03-27 18:04:27,329 [websockets.py:_handle_identify()] - Websocket 4056314784 Client Identified - Name: OctoEverywhere, Version: 4.6.8, Type: agent
2026-03-27 18:04:27,758 [common.py:build_error()] - JSON-RPC Request Error - Requested Method: machine.device_power.devices, Code: -32601, Message: Method not found
2026-03-27 18:04:29,288 [mqtt.py:_on_socket_open()] - MQTT Socket Opened
2026-03-27 18:04:29,289 [mqtt.py:_on_connect()] - MQTT Client Connected
